<?xml version="1.0" encoding="UTF-8"?>
<!-- Generated by org.testng.reporters.JUnitReportReporter -->
<testsuite skipped="0" hostname="DESKTOP-PDM7OVM" name="brokenlinks.BrokenLinkEx1" tests="1" failures="0" timestamp="06 Apr 2023 09:18:23 GMT" time="11.326" errors="0">
  <testcase name="testLinks" time="11.326" classname="brokenlinks.BrokenLinkEx1"/>
</testsuite> <!-- brokenlinks.BrokenLinkEx1 -->
