<?xml version="1.0" encoding="UTF-8"?>
<!-- Generated by org.testng.reporters.JUnitReportReporter -->
<testsuite skipped="0" hostname="DESKTOP-PDM7OVM" name="testngexample.GoogleApplicationWithBeforeAfterMethod" tests="2" failures="0" timestamp="2023-04-19T13:57:07 IST" time="27.193" errors="0">
  <testcase name="testGoogleLandingPage" time="8.229" classname="testngexample.GoogleApplicationWithBeforeAfterMethod"/>
  <system-out/>
  <testcase name="testSearch" time="18.964" classname="testngexample.GoogleApplicationWithBeforeAfterMethod"/>
  <system-out/>
</testsuite> <!-- testngexample.GoogleApplicationWithBeforeAfterMethod -->
