<?xml version="1.0" encoding="UTF-8"?>
<!-- Generated by org.testng.reporters.JUnitReportReporter -->
<testsuite skipped="0" hostname="DESKTOP-PDM7OVM" name="testngexample.Example1" tests="1" failures="0" timestamp="2023-04-19T13:51:33 IST" time="0.016" errors="0">
  <testcase name="Tc1" time="0.016" classname="testngexample.Example1"/>
  <system-out/>
</testsuite> <!-- testngexample.Example1 -->
