<?xml version="1.0" encoding="UTF-8"?>
<!-- Generated by org.testng.reporters.JUnitReportReporter -->
<testsuite skipped="0" hostname="DESKTOP-PDM7OVM" name="testngexample.Actitime_InvocationCount" tests="6" failures="0" timestamp="2023-04-19T14:24:48 IST" time="0.034" errors="0">
  <testcase name="openBrowserAndAppUrl" time="0.018" classname="testngexample.Actitime_InvocationCount"/>
  <system-out/>
  <testcase name="openBrowserAndAppUrl" time="0.002" classname="testngexample.Actitime_InvocationCount"/>
  <system-out/>
  <testcase name="openBrowserAndAppUrl" time="0.008" classname="testngexample.Actitime_InvocationCount"/>
  <system-out/>
  <testcase name="openBrowserAndAppUrl" time="0.001" classname="testngexample.Actitime_InvocationCount"/>
  <system-out/>
  <testcase name="openBrowserAndAppUrl" time="0.002" classname="testngexample.Actitime_InvocationCount"/>
  <system-out/>
  <testcase name="openBrowserAndAppUrl" time="0.003" classname="testngexample.Actitime_InvocationCount"/>
  <system-out/>
</testsuite> <!-- testngexample.Actitime_InvocationCount -->
