<?xml version="1.0" encoding="UTF-8"?>
<!-- Generated by org.testng.reporters.JUnitReportReporter -->
<testsuite skipped="0" hostname="DESKTOP-PDM7OVM" name="advancetestngex.IncludeAndExcludeTestMethods" tests="2" failures="0" timestamp="11 Apr 2023 08:36:23 GMT" time="0.021" errors="0">
  <testcase name="addEmployeeTestCase" time="0.004" classname="advancetestngex.IncludeAndExcludeTestMethods"/>
  <testcase name="addLocationTestCase" time="0.017" classname="advancetestngex.IncludeAndExcludeTestMethods"/>
</testsuite> <!-- advancetestngex.IncludeAndExcludeTestMethods -->
