<?xml version="1.0" encoding="UTF-8"?>
<!-- Generated by org.testng.reporters.JUnitReportReporter -->
<testsuite skipped="0" hostname="DESKTOP-PDM7OVM" name="datadriventesting.Assignment" tests="1" failures="0" timestamp="10 Apr 2023 17:06:00 GMT" time="9.633" errors="0">
  <testcase name="VtigerLogin" time="9.633" classname="datadriventesting.Assignment"/>
</testsuite> <!-- datadriventesting.Assignment -->
