<?xml version="1.0" encoding="UTF-8"?>
<!-- Generated by org.testng.reporters.JUnitReportReporter -->
<testsuite skipped="0" hostname="DESKTOP-PDM7OVM" name="javascriptexecuter.Example2" tests="1" failures="0" timestamp="06 Apr 2023 09:48:34 GMT" time="13.818" errors="0">
  <testcase name="testCase1" time="13.818" classname="javascriptexecuter.Example2"/>
</testsuite> <!-- javascriptexecuter.Example2 -->
