<?xml version="1.0" encoding="UTF-8"?>
<!-- Generated by org.testng.reporters.JUnitReportReporter -->
<testsuite skipped="0" hostname="DESKTOP-PDM7OVM" name="datadriventesting.ass" tests="1" failures="0" timestamp="10 Apr 2023 17:00:03 GMT" time="12.745" errors="0">
  <testcase name="VtigerLogin" time="12.745" classname="datadriventesting.ass"/>
</testsuite> <!-- datadriventesting.ass -->
