<?xml version="1.0" encoding="UTF-8"?>
<!-- Generated by org.testng.reporters.JUnitReportReporter -->
<testsuite skipped="2" hostname="DESKTOP-PDM7OVM" name="testngexample.Actitime_Enabled" tests="4" failures="0" timestamp="2023-04-19T14:24:49 IST" time="0.025" errors="0">
  <testcase name="openBrowserAndAppURL" time="0.003" classname="testngexample.Actitime_Enabled"/>
  <system-out/>
  <testcase name="createTask" time="0.022" classname="testngexample.Actitime_Enabled"/>
  <system-out/>
  <testcase name="login" classname="testngexample.Actitime_Enabled">
    <skipped/>
  </testcase> <!-- login -->
  <system-out/>
  <testcase name="logoutClose" classname="testngexample.Actitime_Enabled">
    <skipped/>
  </testcase> <!-- logoutClose -->
  <system-out/>
</testsuite> <!-- testngexample.Actitime_Enabled -->
