<?xml version="1.0" encoding="UTF-8"?>
<!-- Generated by org.testng.reporters.JUnitReportReporter -->
<testsuite skipped="0" hostname="DESKTOP-PDM7OVM" name="testngexample.FirstTestNgWebScripts" tests="1" failures="0" timestamp="2023-04-19T13:51:33 IST" time="7.113" errors="0">
  <testcase name="testCase1" time="7.113" classname="testngexample.FirstTestNgWebScripts"/>
  <system-out/>
</testsuite> <!-- testngexample.FirstTestNgWebScripts -->
