<?xml version="1.0" encoding="UTF-8"?>
<!-- Generated by org.testng.reporters.JUnitReportReporter -->
<testsuite skipped="0" hostname="DESKTOP-PDM7OVM" name="datadriventesting.ActitimeLogin" tests="1" failures="0" timestamp="10 Apr 2023 16:54:47 GMT" time="21.252" errors="0">
  <testcase name="actitimeLogin" time="21.252" classname="datadriventesting.ActitimeLogin"/>
</testsuite> <!-- datadriventesting.ActitimeLogin -->
