<?xml version="1.0" encoding="UTF-8"?>
<!-- Generated by org.testng.reporters.JUnitReportReporter -->
<testsuite skipped="0" hostname="DESKTOP-PDM7OVM" name="testngexample.Example2" tests="1" failures="0" timestamp="2023-04-19T13:51:33 IST" time="0.011" errors="0">
  <testcase name="Test" time="0.011" classname="testngexample.Example2"/>
  <system-out/>
</testsuite> <!-- testngexample.Example2 -->
