<?xml version="1.0" encoding="UTF-8"?>
<!-- Generated by org.testng.reporters.JUnitReportReporter -->
<testsuite skipped="0" hostname="DESKTOP-PDM7OVM" name="datadriventesting.ExcelReading" tests="1" failures="0" timestamp="11 Apr 2023 12:27:02 GMT" time="1.070" errors="0">
  <testcase name="readAllDataFromSheet" time="1.070" classname="datadriventesting.ExcelReading"/>
</testsuite> <!-- datadriventesting.ExcelReading -->
