<?xml version="1.0" encoding="UTF-8"?>
<!-- Generated by org.testng.reporters.JUnitReportReporter -->
<testsuite skipped="0" hostname="DESKTOP-PDM7OVM" name="datadriventesting.ActitimeAssignment1" tests="1" failures="0" timestamp="10 Apr 2023 17:50:10 GMT" time="20.319" errors="0">
  <testcase name="actitimeLogin" time="20.319" classname="datadriventesting.ActitimeAssignment1"/>
</testsuite> <!-- datadriventesting.ActitimeAssignment1 -->
