<?xml version="1.0" encoding="UTF-8"?>
<!-- Generated by org.testng.reporters.JUnitReportReporter -->
<testsuite skipped="0" hostname="DESKTOP-PDM7OVM" name="testngexample.MultipleTestMethodInClass" tests="4" failures="0" timestamp="2023-04-19T13:51:33 IST" time="0.011" errors="0">
  <testcase name="testCaseDeletion" time="0.002" classname="testngexample.MultipleTestMethodInClass"/>
  <system-out/>
  <testcase name="testCaseSignup" time="0.002" classname="testngexample.MultipleTestMethodInClass"/>
  <system-out/>
  <testcase name="testCaseCreation" time="0.002" classname="testngexample.MultipleTestMethodInClass"/>
  <system-out/>
  <testcase name="testCaseLogin" time="0.005" classname="testngexample.MultipleTestMethodInClass"/>
  <system-out/>
</testsuite> <!-- testngexample.MultipleTestMethodInClass -->
