<?xml version="1.0" encoding="UTF-8"?>
<!-- Generated by org.testng.reporters.JUnitReportReporter -->
<testsuite skipped="0" hostname="DESKTOP-PDM7OVM" name="advancetestngex.VtigerLogin" tests="1" failures="0" timestamp="11 Apr 2023 10:52:11 GMT" time="6.292" errors="0">
  <testcase name="testLoginOfVtiger_empty" time="6.292" classname="advancetestngex.VtigerLogin"/>
</testsuite> <!-- advancetestngex.VtigerLogin -->
