<?xml version="1.0" encoding="UTF-8"?>
<!-- Generated by org.testng.reporters.JUnitReportReporter -->
<testsuite skipped="0" hostname="DESKTOP-PDM7OVM" name="testngexample.Actitime_TimeOut" tests="1" failures="0" timestamp="2023-04-19T14:24:49 IST" time="0.215" errors="0">
  <testcase name="openBrowser" time="0.215" classname="testngexample.Actitime_TimeOut"/>
  <system-out/>
</testsuite> <!-- testngexample.Actitime_TimeOut -->
