<?xml version="1.0" encoding="UTF-8"?>
<!-- Generated by org.testng.reporters.JUnitReportReporter -->
<testsuite skipped="0" hostname="DESKTOP-PDM7OVM" name="javascriptexecuter.AssignmentOrangeHrm" tests="1" failures="0" timestamp="07 Apr 2023 08:34:13 GMT" time="15.333" errors="0">
  <testcase name="testCase" time="15.333" classname="javascriptexecuter.AssignmentOrangeHrm"/>
</testsuite> <!-- javascriptexecuter.AssignmentOrangeHrm -->
