<?xml version="1.0" encoding="UTF-8"?>
<!-- Generated by org.testng.reporters.JUnitReportReporter -->
<testsuite skipped="0" hostname="DESKTOP-PDM7OVM" name="advancetestngex.DataProviderExample" tests="3" failures="0" timestamp="11 Apr 2023 10:25:20 GMT" time="0.027" errors="0">
  <testcase name="setData" time="0.018" classname="advancetestngex.DataProviderExample"/>
  <testcase name="setData" time="0.003" classname="advancetestngex.DataProviderExample"/>
  <testcase name="setData" time="0.006" classname="advancetestngex.DataProviderExample"/>
</testsuite> <!-- advancetestngex.DataProviderExample -->
