<?xml version="1.0" encoding="UTF-8"?>
<!-- Generated by org.testng.reporters.JUnitReportReporter -->
<testsuite skipped="0" hostname="DESKTOP-PDM7OVM" name="javascriptexecuter.Example1" tests="2" failures="0" timestamp="06 Apr 2023 09:35:46 GMT" time="16.863" errors="0">
  <testcase name="testCase2" time="8.216" classname="javascriptexecuter.Example1"/>
  <testcase name="testCase1" time="8.647" classname="javascriptexecuter.Example1"/>
</testsuite> <!-- javascriptexecuter.Example1 -->
