<?xml version="1.0" encoding="UTF-8"?>
<!-- Generated by org.testng.reporters.JUnitReportReporter -->
<testsuite skipped="0" hostname="DESKTOP-PDM7OVM" name="datadriventesting.OrangeHrmAss1" tests="1" failures="0" timestamp="10 Apr 2023 18:00:32 GMT" time="14.614" errors="0">
  <testcase name="VtigerLogin2" time="14.614" classname="datadriventesting.OrangeHrmAss1"/>
</testsuite> <!-- datadriventesting.OrangeHrmAss1 -->
