<?xml version="1.0" encoding="UTF-8"?>
<!-- Generated by org.testng.reporters.JUnitReportReporter -->
<testsuite skipped="0" hostname="DESKTOP-PDM7OVM" name="datadriventesting.ExcelUpdate" tests="1" failures="0" timestamp="10 Apr 2023 12:26:45 GMT" time="1.013" errors="0">
  <testcase name="updateCellDetails" time="1.013" classname="datadriventesting.ExcelUpdate"/>
</testsuite> <!-- datadriventesting.ExcelUpdate -->
