<?xml version="1.0" encoding="UTF-8"?>
<!-- Generated by org.testng.reporters.JUnitReportReporter -->
<testsuite skipped="0" hostname="DESKTOP-PDM7OVM" name="testngexample.Actitime" tests="4" failures="0" timestamp="2023-04-19T14:24:49 IST" time="17.449" errors="0">
  <testcase name="c_createTask" time="0.002" classname="testngexample.Actitime"/>
  <system-out/>
  <testcase name="a_openBrowserAndAppUrl" time="16.812" classname="testngexample.Actitime"/>
  <system-out/>
  <testcase name="d_logoutClose" time="0.001" classname="testngexample.Actitime"/>
  <system-out/>
  <testcase name="b_login" time="0.634" classname="testngexample.Actitime"/>
  <system-out/>
</testsuite> <!-- testngexample.Actitime -->
