<?xml version="1.0" encoding="UTF-8"?>
<!-- Generated by org.testng.reporters.JUnitReportReporter -->
<testsuite skipped="0" hostname="DESKTOP-PDM7OVM" name="testngexample.HandlingWindowRailInfo" tests="1" failures="0" timestamp="2023-04-19T13:57:07 IST" time="22.030" errors="0">
  <testcase name="RailInfo" time="22.030" classname="testngexample.HandlingWindowRailInfo"/>
  <system-out/>
</testsuite> <!-- testngexample.HandlingWindowRailInfo -->
