<?xml version="1.0" encoding="UTF-8"?>
<!-- Generated by org.testng.reporters.JUnitReportReporter -->
<testsuite skipped="0" hostname="DESKTOP-PDM7OVM" name="javascriptexecuter.Example3" tests="1" failures="0" timestamp="06 Apr 2023 10:02:01 GMT" time="6.384" errors="0">
  <testcase name="testCase" time="6.384" classname="javascriptexecuter.Example3"/>
</testsuite> <!-- javascriptexecuter.Example3 -->
