<?xml version="1.0" encoding="UTF-8"?>
<!-- Generated by org.testng.reporters.JUnitReportReporter -->
<testsuite skipped="0" hostname="DESKTOP-PDM7OVM" name="advancetestngex.GroupExample1" tests="5" failures="0" timestamp="11 Apr 2023 08:10:09 GMT" time="0.031" errors="0">
  <testcase name="testCaseFour" time="0.005" classname="advancetestngex.GroupExample1"/>
  <testcase name="testCaseThree" time="0.005" classname="advancetestngex.GroupExample1"/>
  <testcase name="testCaseFive" time="0.015" classname="advancetestngex.GroupExample1"/>
  <testcase name="testCaseTwo" time="0.003" classname="advancetestngex.GroupExample1"/>
  <testcase name="testCaseOne" time="0.003" classname="advancetestngex.GroupExample1"/>
</testsuite> <!-- advancetestngex.GroupExample1 -->
