<?xml version="1.0" encoding="UTF-8"?>
<!-- Generated by org.testng.reporters.JUnitReportReporter -->
<testsuite skipped="0" hostname="DESKTOP-PDM7OVM" name="testngexample.Actitime_Priority" tests="4" failures="0" timestamp="2023-04-19T13:57:07 IST" time="0.054" errors="0">
  <testcase name="openBrowserAndAppUrl" time="0.016" classname="testngexample.Actitime_Priority"/>
  <system-out/>
  <testcase name="login" time="0.011" classname="testngexample.Actitime_Priority"/>
  <system-out/>
  <testcase name="createTask" time="0.017" classname="testngexample.Actitime_Priority"/>
  <system-out/>
  <testcase name="logOut" time="0.010" classname="testngexample.Actitime_Priority"/>
  <system-out/>
</testsuite> <!-- testngexample.Actitime_Priority -->
