<?xml version="1.0" encoding="UTF-8"?>
<!-- Generated by org.testng.reporters.JUnitReportReporter -->
<testsuite hostname="DESKTOP-PDM7OVM" failures="0" tests="4" name="testngexample.Actitime" time="19.654" errors="0" timestamp="19 Apr 2023 09:47:36 GMT" skipped="0">
  <testcase classname="testngexample.Actitime" name="c_createTask" time="0.001"/>
  <testcase classname="testngexample.Actitime" name="d_logoutClose" time="0.000"/>
  <testcase classname="testngexample.Actitime" name="b_login" time="0.253"/>
  <testcase classname="testngexample.Actitime" name="a_openBrowserAndAppUrl" time="19.400"/>
</testsuite> <!-- testngexample.Actitime -->
