<?xml version="1.0" encoding="UTF-8"?>
<!-- Generated by org.testng.reporters.JUnitReportReporter -->
<testsuite hostname="DESKTOP-PDM7OVM" failures="0" tests="6" name="testngexample.Actitime_InvocationCount" time="0.003" errors="0" timestamp="19 Apr 2023 09:47:36 GMT" skipped="0">
  <testcase classname="testngexample.Actitime_InvocationCount" name="openBrowserAndAppUrl" time="0.001"/>
  <testcase classname="testngexample.Actitime_InvocationCount" name="openBrowserAndAppUrl" time="0.000"/>
  <testcase classname="testngexample.Actitime_InvocationCount" name="openBrowserAndAppUrl" time="0.000"/>
  <testcase classname="testngexample.Actitime_InvocationCount" name="openBrowserAndAppUrl" time="0.001"/>
  <testcase classname="testngexample.Actitime_InvocationCount" name="openBrowserAndAppUrl" time="0.001"/>
  <testcase classname="testngexample.Actitime_InvocationCount" name="openBrowserAndAppUrl" time="0.000"/>
</testsuite> <!-- testngexample.Actitime_InvocationCount -->
