<?xml version="1.0" encoding="UTF-8"?>
<!-- Generated by org.testng.reporters.JUnitReportReporter -->
<testsuite hostname="DESKTOP-PDM7OVM" failures="0" tests="4" name="testngexample.Actitime_Enabled" time="0.012" errors="0" timestamp="19 Apr 2023 09:47:36 GMT" skipped="2">
  <testcase classname="testngexample.Actitime_Enabled" name="createTask" time="0.011"/>
  <testcase classname="testngexample.Actitime_Enabled" name="openBrowserAndAppURL" time="0.001"/>
  <testcase classname="testngexample.Actitime_Enabled" name="login">
    <skipped/>
  </testcase> <!-- login -->
  <testcase classname="testngexample.Actitime_Enabled" name="logoutClose">
    <skipped/>
  </testcase> <!-- logoutClose -->
</testsuite> <!-- testngexample.Actitime_Enabled -->
