<?xml version="1.0" encoding="UTF-8"?>
<!-- Generated by org.testng.reporters.JUnitReportReporter -->
<testsuite hostname="DESKTOP-PDM7OVM" failures="0" tests="1" name="testngexample.Actitime_TimeOut" time="0.201" errors="0" timestamp="19 Apr 2023 09:47:36 GMT" skipped="0">
  <testcase classname="testngexample.Actitime_TimeOut" name="openBrowser" time="0.201"/>
</testsuite> <!-- testngexample.Actitime_TimeOut -->
